2021-08-05 00:56:25,092 INFO [Log]Title matched 
2021-08-05 00:56:25,093 INFO [Log]Application Opened 
2021-08-05 03:33:16,801INFO [Log]Application Opened 
2021-08-05 03:33:17,644INFO [Log]Title matched 
2021-08-05 03:33:26,433INFO [Log]Application Opened 
2021-08-05 03:33:27,124INFO [Log]Title matched 
2021-08-05 04:27:15,681INFO [Log]Application Opened 
2021-08-05 04:27:16,632INFO [Log]Title matched 
2021-08-05 04:27:23,969INFO [Log]New Employee added 
2021-08-05 04:27:25,671INFO [Log]Logout completed 
2021-08-05 04:27:26,074INFO [Log]Application closed 
2021-08-05 04:27:53,995INFO [Log]Application Opened 
2021-08-05 04:27:54,876INFO [Log]Title matched 
2021-08-05 04:28:02,124INFO [Log]New Employee added 
2021-08-05 04:30:11,558INFO [Log]Application Opened 
2021-08-05 04:30:12,334INFO [Log]Title matched 
2021-08-05 04:30:19,612INFO [Log]New Employee added 
2021-08-05 04:31:07,082INFO [Log]Application Opened 
2021-08-05 04:31:07,943INFO [Log]Title matched 
2021-08-05 04:31:15,077INFO [Log]New Employee added 
2021-08-05 04:31:55,881INFO [Log]Application Opened 
2021-08-05 04:31:56,616INFO [Log]Title matched 
2021-08-05 04:32:03,797INFO [Log]New Employee added 
2021-08-05 04:38:16,070INFO [Log]Application Opened 
2021-08-05 04:38:16,848INFO [Log]Title matched 
2021-08-05 04:38:26,616INFO [Log]New Employee added 
2021-08-05 04:42:29,214INFO [Log]Application Opened 
2021-08-05 04:42:30,000INFO [Log]Title matched 
2021-08-05 04:42:39,578INFO [Log]New Employee added 
2021-08-05 04:45:31,538INFO [Log]Application Opened 
2021-08-05 04:45:32,388INFO [Log]Title matched 
2021-08-05 04:45:41,723INFO [Log]New Employee added 
2021-08-05 04:48:01,097INFO [Log]Application Opened 
2021-08-05 04:48:01,895INFO [Log]Title matched 
2021-08-05 04:48:11,940INFO [Log]New Employee added 
2021-08-05 04:50:50,497INFO [Log]Application Opened 
2021-08-05 04:50:51,373INFO [Log]Title matched 
2021-08-05 04:51:02,915INFO [Log]New Employee added 
2021-08-05 04:52:47,070INFO [Log]Application Opened 
2021-08-05 04:52:47,981INFO [Log]Title matched 
2021-08-05 04:52:59,826INFO [Log]New Employee added 
2021-08-05 04:54:39,359INFO [Log]Application Opened 
2021-08-05 04:54:40,347INFO [Log]Title matched 
2021-08-05 04:54:51,562INFO [Log]New Employee added 
2021-08-05 04:58:54,368INFO [Log]Application Opened 
2021-08-05 04:58:55,289INFO [Log]Title matched 
2021-08-05 04:59:06,395INFO [Log]New Employee added 
2021-08-05 05:02:25,142INFO [Log]Application Opened 
2021-08-05 05:02:26,028INFO [Log]Title matched 
2021-08-05 05:02:44,377INFO [Log]New Employee added 
2021-08-05 05:04:31,873INFO [Log]Application Opened 
2021-08-05 05:04:32,779INFO [Log]Title matched 
2021-08-05 05:04:45,994INFO [Log]New Employee added 
2021-08-05 12:18:18,031INFO [Log]Application Opened 
2021-08-05 12:18:18,619INFO [Log]Title matched 
2021-08-05 12:18:23,287INFO [Log]New Employee added 
2021-08-05 12:18:24,822INFO [Log]Logout completed 
2021-08-05 12:18:24,941INFO [Log]Application closed 
2021-08-05 12:18:27,941INFO [Log]Application Opened 
2021-08-05 12:18:28,504INFO [Log]Title matched 
2021-08-05 12:18:36,169INFO [Log]New Employee added 
2021-08-05 12:18:49,168INFO [Log]Application Opened 
2021-08-05 12:18:49,750INFO [Log]Title matched 
2021-08-05 12:18:54,529INFO [Log]New Employee added 
2021-08-05 12:23:43,114INFO [Log]Application Opened 
2021-08-05 12:23:43,711INFO [Log]Title matched 
2021-08-05 12:24:43,417INFO [Log]Application Opened 
2021-08-05 12:24:43,979INFO [Log]Title matched 
2021-08-05 12:25:14,122INFO [Log]Application Opened 
2021-08-05 12:25:14,683INFO [Log]Title matched 
2021-08-05 12:25:23,227INFO [Log]New Employee added 
2021-08-05 12:27:08,710INFO [Log]Application Opened 
2021-08-05 12:27:09,322INFO [Log]Title matched 
2021-08-05 12:27:17,221INFO [Log]New Employee added 
2021-08-05 12:27:33,039INFO [Log]Logout completed 
2021-08-05 12:27:36,183INFO [Log]Application closed 
2021-08-05 12:31:20,761INFO [Log]Application Opened 
2021-08-05 12:31:21,362INFO [Log]Title matched 
2021-08-05 12:31:28,744INFO [Log]New Employee added 
2021-08-05 12:34:03,084INFO [Log]Application Opened 
2021-08-05 12:34:03,741INFO [Log]Title matched 
2021-08-05 12:34:12,325INFO [Log]New Employee added 
2021-08-05 12:37:11,250INFO [Log]Application Opened 
2021-08-05 12:37:11,841INFO [Log]Title matched 
2021-08-05 12:37:19,713INFO [Log]New Employee added 
2021-08-05 12:37:54,587INFO [Log]Application Opened 
2021-08-05 12:37:55,226INFO [Log]Title matched 
2021-08-05 12:38:02,791INFO [Log]New Employee added 
2021-08-05 12:38:17,170INFO [Log]Logout completed 
2021-08-05 12:38:43,880INFO [Log]Application Opened 
2021-08-05 12:38:44,462INFO [Log]Title matched 
2021-08-05 12:38:52,283INFO [Log]New Employee added 
2021-08-05 12:39:06,602INFO [Log]Logout completed 
2021-08-05 12:39:09,719INFO [Log]Application closed 
2021-08-05 12:40:14,511INFO [Log]Application Opened 
2021-08-05 12:40:15,092INFO [Log]Title matched 
2021-08-05 12:40:22,791INFO [Log]New Employee added 
2021-08-05 12:40:37,125INFO [Log]Logout completed 
2021-08-05 12:40:40,236INFO [Log]Application closed 
2021-08-05 12:41:59,949INFO [Log]Application Opened 
2021-08-05 12:42:00,487INFO [Log]Title matched 
2021-08-05 12:42:08,510INFO [Log]New Employee added 
2021-08-05 12:42:22,891INFO [Log]Logout completed 
2021-08-05 12:42:25,991INFO [Log]Application closed 
2021-08-05 12:43:28,567INFO [Log]Application Opened 
2021-08-05 12:43:29,151INFO [Log]Title matched 
2021-08-05 12:43:34,377INFO [Log]New Employee added 
2021-08-05 12:43:35,826INFO [Log]Logout completed 
2021-08-05 12:43:35,932INFO [Log]Application closed 
2021-08-05 12:44:02,118INFO [Log]Application Opened 
2021-08-05 12:44:02,707INFO [Log]Title matched 
2021-08-05 12:44:07,297INFO [Log]New Employee added 
2021-08-05 12:44:08,709INFO [Log]Logout completed 
2021-08-05 12:44:08,814INFO [Log]Application closed 
2021-08-05 12:44:40,149INFO [Log]Application Opened 
2021-08-05 12:44:40,741INFO [Log]Title matched 
2021-08-05 12:44:45,464INFO [Log]New Employee added 
2021-08-05 12:44:46,855INFO [Log]Logout completed 
2021-08-05 12:44:46,948INFO [Log]Application closed 
2021-08-05 12:44:50,054INFO [Log]Application Opened 
2021-08-05 12:44:50,691INFO [Log]Title matched 
2021-08-05 12:44:58,350INFO [Log]New Employee added 
2021-08-05 12:45:12,774INFO [Log]Logout completed 
2021-08-05 12:45:15,869INFO [Log]Application closed 
2021-08-05 12:45:19,374INFO [Log]Application Opened 
2021-08-05 12:45:19,948INFO [Log]Title matched 
2021-08-05 12:45:24,272INFO [Log]New Employee added 
2021-08-05 12:45:25,557INFO [Log]Logout completed 
2021-08-05 12:45:27,641INFO [Log]Application closed 
2021-08-05 12:49:31,872INFO [Log]Application Opened 
2021-08-05 12:49:32,518INFO [Log]Title matched 
2021-08-05 12:49:37,256INFO [Log]New Employee added 
2021-08-05 12:49:38,611INFO [Log]Logout completed 
2021-08-05 12:49:38,689INFO [Log]Application closed 
2021-08-05 12:49:41,765INFO [Log]Application Opened 
2021-08-05 12:49:42,327INFO [Log]Title matched 
2021-08-05 12:49:49,902INFO [Log]New Employee added 
2021-08-05 12:50:04,541INFO [Log]Logout completed 
2021-08-05 12:50:07,638INFO [Log]Application closed 
2021-08-05 12:50:11,034INFO [Log]Application Opened 
2021-08-05 12:50:11,632INFO [Log]Title matched 
2021-08-05 12:50:16,250INFO [Log]New Employee added 
2021-08-05 12:50:17,573INFO [Log]Logout completed 
2021-08-05 12:50:17,678INFO [Log]Application closed 
2021-08-05 12:50:28,843INFO [Log]Application Opened 
2021-08-05 12:50:29,441INFO [Log]Title matched 
2021-08-05 12:50:33,940INFO [Log]New Employee added 
2021-08-05 12:50:35,362INFO [Log]Logout completed 
2021-08-05 12:50:35,475INFO [Log]Application closed 
2021-08-05 12:50:38,614INFO [Log]Application Opened 
2021-08-05 12:50:39,193INFO [Log]Title matched 
2021-08-05 12:50:46,676INFO [Log]New Employee added 
2021-08-05 12:51:01,113INFO [Log]Logout completed 
2021-08-05 12:51:04,260INFO [Log]Application closed 
2021-08-05 12:51:08,059INFO [Log]Application Opened 
2021-08-05 12:51:08,673INFO [Log]Title matched 
2021-08-05 12:51:14,053INFO [Log]New Employee added 
2021-08-05 12:51:15,764INFO [Log]Logout completed 
2021-08-05 12:51:15,904INFO [Log]Application closed 
2021-08-05 12:53:22,825INFO [Log]Application Opened 
2021-08-05 12:53:23,469INFO [Log]Title matched 
2021-08-05 12:53:31,404INFO [Log]New Employee added 
2021-08-05 12:53:42,792INFO [Log]Logout completed 
2021-08-05 12:53:45,929INFO [Log]Application closed 
2021-08-05 14:01:04,015INFO [Log]Application Opened 
2021-08-05 14:01:04,141INFO [Log]Title matched 
2021-08-05 14:01:08,426INFO [Log]New Employee added 
2021-08-05 14:01:09,986INFO [Log]Logout completed 
2021-08-05 14:01:10,053INFO [Log]Application closed 
2021-08-05 14:01:18,730INFO [Log]Application Opened 
2021-08-05 14:01:18,863INFO [Log]Title matched 
2021-08-05 14:01:26,211INFO [Log]New Employee added 
2021-08-05 14:01:37,193INFO [Log]Logout completed 
2021-08-05 14:01:40,251INFO [Log]Application closed 
2021-08-05 14:01:43,542INFO [Log]Application Opened 
2021-08-05 14:01:43,663INFO [Log]Title matched 
2021-08-05 14:01:48,198INFO [Log]New Employee added 
2021-08-05 14:01:49,466INFO [Log]Logout completed 
2021-08-05 14:01:49,550INFO [Log]Application closed 
2021-08-05 14:03:57,063INFO [Log]Application Opened 
2021-08-05 14:03:57,196INFO [Log]Title matched 
2021-08-05 14:04:02,121INFO [Log]New Employee added 
2021-08-05 14:04:03,409INFO [Log]Logout completed 
2021-08-05 14:04:03,501INFO [Log]Application closed 
2021-08-05 14:04:06,405INFO [Log]Application Opened 
2021-08-05 14:04:06,536INFO [Log]Title matched 
2021-08-05 14:04:13,709INFO [Log]New Employee added 
2021-08-05 14:04:24,839INFO [Log]Logout completed 
2021-08-05 14:04:27,933INFO [Log]Application closed 
2021-08-05 14:04:31,455INFO [Log]Application Opened 
2021-08-05 14:04:31,575INFO [Log]Title matched 
2021-08-05 14:04:36,095INFO [Log]New Employee added 
2021-08-05 14:04:37,326INFO [Log]Logout completed 
2021-08-05 14:04:37,385INFO [Log]Application closed 
2021-08-05 14:04:46,357INFO [Log]Application Opened 
2021-08-05 14:04:46,486INFO [Log]Title matched 
2021-08-05 14:04:51,461INFO [Log]New Employee added 
2021-08-05 14:04:52,737INFO [Log]Logout completed 
2021-08-05 14:04:52,796INFO [Log]Application closed 
2021-08-05 14:04:56,396INFO [Log]Application Opened 
2021-08-05 14:04:56,518INFO [Log]Title matched 
2021-08-05 14:05:03,838INFO [Log]New Employee added 
2021-08-05 14:05:14,947INFO [Log]Logout completed 
2021-08-05 14:05:18,029INFO [Log]Application closed 
2021-08-05 14:05:22,111INFO [Log]Application Opened 
2021-08-05 14:05:22,238INFO [Log]Title matched 
2021-08-05 14:05:26,687INFO [Log]New Employee added 
2021-08-05 14:05:28,019INFO [Log]Logout completed 
2021-08-05 14:05:28,109INFO [Log]Application closed 
2021-08-05 15:02:47,272INFO [Log]Application Opened 
2021-08-05 15:02:47,413INFO [Log]Title matched 
2021-08-05 15:02:53,445INFO [Log]New Employee added 
2021-08-05 15:02:54,902INFO [Log]Logout completed 
2021-08-05 15:02:54,999INFO [Log]Application closed 
2021-08-05 15:02:58,485INFO [Log]Application Opened 
2021-08-05 15:02:58,630INFO [Log]Title matched 
2021-08-05 15:03:06,216INFO [Log]New Employee added 
2021-08-05 15:03:17,132INFO [Log]Logout completed 
2021-08-05 15:03:20,229INFO [Log]Application closed 
2021-08-05 15:03:23,308INFO [Log]Application Opened 
2021-08-05 15:03:23,428INFO [Log]Title matched 
2021-08-05 15:03:28,328INFO [Log]New Employee added 
2021-08-05 15:03:29,584INFO [Log]Logout completed 
2021-08-05 15:03:29,637INFO [Log]Application closed 
2021-08-05 15:10:12,648INFO [Log]Application Opened 
2021-08-05 15:10:12,774INFO [Log]Title matched 
2021-08-05 15:10:17,864INFO [Log]New Employee added 
2021-08-05 15:10:19,322INFO [Log]Logout completed 
2021-08-05 15:10:19,379INFO [Log]Application closed 
2021-08-05 15:10:22,313INFO [Log]Application Opened 
2021-08-05 15:10:22,434INFO [Log]Title matched 
2021-08-05 15:10:30,219INFO [Log]New Employee added 
2021-08-05 15:10:41,243INFO [Log]Logout completed 
2021-08-05 15:10:44,329INFO [Log]Application closed 
2021-08-05 15:10:46,944INFO [Log]Application Opened 
2021-08-05 15:10:47,063INFO [Log]Title matched 
2021-08-05 15:10:51,214INFO [Log]New Employee added 
2021-08-05 15:10:52,436INFO [Log]Logout completed 
2021-08-05 15:10:52,483INFO [Log]Application closed 
2021-08-05 15:13:15,369INFO [Log]Application Opened 
2021-08-05 15:13:15,494INFO [Log]Title matched 
2021-08-05 15:13:19,920INFO [Log]New Employee added 
2021-08-05 15:13:21,233INFO [Log]Logout completed 
2021-08-05 15:13:21,354INFO [Log]Application closed 
2021-08-05 15:13:24,267INFO [Log]Application Opened 
2021-08-05 15:13:24,389INFO [Log]Title matched 
2021-08-05 15:13:32,409INFO [Log]New Employee added 
2021-08-05 15:13:43,554INFO [Log]Logout completed 
2021-08-05 15:13:46,643INFO [Log]Application closed 
2021-08-05 15:13:49,598INFO [Log]Application Opened 
2021-08-05 15:13:49,719INFO [Log]Title matched 
2021-08-05 15:13:54,946INFO [Log]New Employee added 
2021-08-05 15:13:56,324INFO [Log]Logout completed 
2021-08-05 15:13:56,377INFO [Log]Application closed 
2021-08-05 15:31:09,718INFO [Log]Application Opened 
2021-08-05 15:31:09,844INFO [Log]Title matched 
2021-08-05 15:31:17,817INFO [Log]New Employee added 
2021-08-05 15:31:20,078INFO [Log]Logout completed 
2021-08-05 15:31:20,155INFO [Log]Application closed 
2021-08-05 15:31:24,956INFO [Log]Application Opened 
2021-08-05 15:31:25,078INFO [Log]Title matched 
2021-08-05 15:31:34,327INFO [Log]New Employee added 
2021-08-05 15:31:46,204INFO [Log]Logout completed 
2021-08-05 15:31:49,291INFO [Log]Application closed 
2021-08-05 15:31:53,986INFO [Log]Application Opened 
2021-08-05 15:31:54,101INFO [Log]Title matched 
2021-08-05 15:32:00,358INFO [Log]New Employee added 
2021-08-05 15:32:01,887INFO [Log]Logout completed 
2021-08-05 15:32:02,007INFO [Log]Application closed 
